1674786271230	geckodriver	INFO	Listening on 127.0.0.1:39507
1674786271786	mozrunner::runner	INFO	Running command: "/run/current-system/sw/bin/firefox" "--marionette" "--remote-debugging-port" "41581" "--remote-allow-hosts" "localhost" "-no-remote" "-profile" "/run/user/1000/rust_mozprofileDfBejb"
console.error: Policies.jsm: 
  Unable to set preference font.size.systemFontScale. Preference not allowed for stability reasons.
[GFX1-]: glxtest: VA-API test failed: failed to initialise VAAPI connection.
ATTENTION: default value of option mesa_glthread overridden by environment.
ATTENTION: default value of option mesa_glthread overridden by environment.
ATTENTION: default value of option mesa_glthread overridden by environment.
ATTENTION: default value of option mesa_glthread overridden by environment.
1674786272220	Marionette	INFO	Marionette enabled
1674786272222	Marionette	INFO	Listening on port 35079
WebDriver BiDi listening on ws://127.0.0.1:41581
Read port: 35079
1674786272383	RemoteAgent	WARN	TLS certificate errors will be ignored for this session
[Parent 699621, Main Thread] WARNING: AT-SPI: Error retrieving accessibility bus address: org.freedesktop.DBus.Error.ServiceUnknown: The name org.a11y.Bus was not provided by any .service files: 'glib warning', file /build/firefox-109.0/toolkit/xre/nsSigHandlers.cpp:167

(firefox:699621): dbind-WARNING **: 03:24:32.574: AT-SPI: Error retrieving accessibility bus address: org.freedesktop.DBus.Error.ServiceUnknown: The name org.a11y.Bus was not provided by any .service files
console.warn: SearchSettings: "get: No settings file exists, new profile?" (new NotFoundError("Could not open the file at /run/user/1000/rust_mozprofileDfBejb/search.json.mozlz4", (void 0)))
DevTools listening on ws://127.0.0.1:41581/devtools/browser/4a734951-fd0e-4899-8bac-b806695af048
1674786411157	geckodriver	INFO	Listening on 127.0.0.1:58043
1674786411192	mozrunner::runner	INFO	Running command: "/run/current-system/sw/bin/firefox" "--marionette" "--remote-debugging-port" "46883" "--remote-allow-hosts" "localhost" "-no-remote" "-profile" "/run/user/1000/rust_mozprofile4DWkUg"
console.error: Policies.jsm: 
  Unable to set preference font.size.systemFontScale. Preference not allowed for stability reasons.
[GFX1-]: glxtest: VA-API test failed: failed to initialise VAAPI connection.
ATTENTION: default value of option mesa_glthread overridden by environment.
ATTENTION: default value of option mesa_glthread overridden by environment.
ATTENTION: default value of option mesa_glthread overridden by environment.
ATTENTION: default value of option mesa_glthread overridden by environment.
1674786411616	Marionette	INFO	Marionette enabled
1674786411618	Marionette	INFO	Listening on port 38407
WebDriver BiDi listening on ws://127.0.0.1:46883
Read port: 38407
1674786411781	RemoteAgent	WARN	TLS certificate errors will be ignored for this session
[Parent 702876, Main Thread] WARNING: AT-SPI: Error retrieving accessibility bus address: org.freedesktop.DBus.Error.ServiceUnknown: The name org.a11y.Bus was not provided by any .service files: 'glib warning', file /build/firefox-109.0/toolkit/xre/nsSigHandlers.cpp:167

(firefox:702876): dbind-WARNING **: 03:26:51.982: AT-SPI: Error retrieving accessibility bus address: org.freedesktop.DBus.Error.ServiceUnknown: The name org.a11y.Bus was not provided by any .service files
console.warn: SearchSettings: "get: No settings file exists, new profile?" (new NotFoundError("Could not open the file at /run/user/1000/rust_mozprofile4DWkUg/search.json.mozlz4", (void 0)))
DevTools listening on ws://127.0.0.1:46883/devtools/browser/5374c5d2-99b5-4109-b424-ac74d5c011b5
1674786414351	Marionette	INFO	Stopped listening on port 38407
console.warn: TopSitesFeed: Failed to fetch data from Contile server: NetworkError when attempting to fetch resource.
1674786414568	Marionette	INFO	Stopped listening on port 35079
console.warn: TopSitesFeed: Failed to fetch data from Contile server: NetworkError when attempting to fetch resource.
1674786415934	geckodriver	INFO	Listening on 127.0.0.1:48283
1674786415978	mozrunner::runner	INFO	Running command: "/run/current-system/sw/bin/firefox" "--marionette" "--remote-debugging-port" "58861" "--remote-allow-hosts" "localhost" "-no-remote" "-profile" "/run/user/1000/rust_mozprofile4gXHDJ"
console.error: Policies.jsm: 
  Unable to set preference font.size.systemFontScale. Preference not allowed for stability reasons.
[GFX1-]: glxtest: VA-API test failed: failed to initialise VAAPI connection.
ATTENTION: default value of option mesa_glthread overridden by environment.
ATTENTION: default value of option mesa_glthread overridden by environment.
ATTENTION: default value of option mesa_glthread overridden by environment.
ATTENTION: default value of option mesa_glthread overridden by environment.
1674786416404	Marionette	INFO	Marionette enabled
1674786416406	Marionette	INFO	Listening on port 37815
WebDriver BiDi listening on ws://127.0.0.1:58861
Read port: 37815
1674786416570	RemoteAgent	WARN	TLS certificate errors will be ignored for this session
[Parent 703262, Main Thread] WARNING: AT-SPI: Error retrieving accessibility bus address: org.freedesktop.DBus.Error.ServiceUnknown: The name org.a11y.Bus was not provided by any .service files: 'glib warning', file /build/firefox-109.0/toolkit/xre/nsSigHandlers.cpp:167

(firefox:703262): dbind-WARNING **: 03:26:56.758: AT-SPI: Error retrieving accessibility bus address: org.freedesktop.DBus.Error.ServiceUnknown: The name org.a11y.Bus was not provided by any .service files
console.warn: SearchSettings: "get: No settings file exists, new profile?" (new NotFoundError("Could not open the file at /run/user/1000/rust_mozprofile4gXHDJ/search.json.mozlz4", (void 0)))
DevTools listening on ws://127.0.0.1:58861/devtools/browser/6ece3a9d-0d5f-4cfb-b944-69b7ecee2cb3
1674787146892	Marionette	INFO	Stopped listening on port 37815
console.warn: TopSitesFeed: Failed to fetch data from Contile server: NetworkError when attempting to fetch resource.
